AutoWakeUp/android studio/app/build/intermediates/manifest_merge_blame_file/release/manifest-merger-blame-release-report.txt
1<?xml version="1.0" encoding="utf-8"?>
2<manifest xmlns:android="http://schemas.android.com/apk/res/android"
3    package="com.adam.app"
4    android:sharedUserId="android.uid.system"
5    android:versionCode="1"
6    android:versionName="1.0" >
7
8    <uses-sdk
8-->src\main\AndroidManifest.xml:8:5-10:41
9        android:minSdkVersion="17"
9-->src\main\AndroidManifest.xml:9:9-35
10        android:targetSdkVersion="34" />
10-->src\main\AndroidManifest.xml:10:9-38
11
12    <uses-permission android:name="android.permission.WAKE_LOCK" />
12-->src\main\AndroidManifest.xml:12:5-68
12-->src\main\AndroidManifest.xml:12:22-65
13    <uses-permission android:name="android.permission.INJECT_EVENTS" />
13-->src\main\AndroidManifest.xml:13:5-72
13-->src\main\AndroidManifest.xml:13:22-69
14
15    <application
15-->src\main\AndroidManifest.xml:15:5-41:19
16        android:allowBackup="true"
16-->src\main\AndroidManifest.xml:16:9-35
17        android:icon="@drawable/ic_launcher"
17-->src\main\AndroidManifest.xml:17:9-45
18        android:label="@string/app_name"
18-->src\main\AndroidManifest.xml:18:9-41
19        android:theme="@style/AppTheme" >
19-->src\main\AndroidManifest.xml:19:9-40
20        <activity
20-->src\main\AndroidManifest.xml:20:9-29:20
21            android:name="com.adam.app.MainActivity"
21-->src\main\AndroidManifest.xml:21:13-41
22            android:exported="true"
22-->src\main\AndroidManifest.xml:23:13-36
23            android:label="@string/app_name" >
23-->src\main\AndroidManifest.xml:22:13-45
24            <intent-filter>
24-->src\main\AndroidManifest.xml:24:13-28:29
25                <action android:name="android.intent.action.MAIN" />
25-->src\main\AndroidManifest.xml:25:17-69
25-->src\main\AndroidManifest.xml:25:25-66
26
27                <category android:name="android.intent.category.LAUNCHER" />
27-->src\main\AndroidManifest.xml:27:17-77
27-->src\main\AndroidManifest.xml:27:27-74
28            </intent-filter>
29        </activity>
30
31        <service
31-->src\main\AndroidManifest.xml:31:9-34:19
32            android:name="com.adam.app.MyIntentService"
32-->src\main\AndroidManifest.xml:32:13-44
33            android:exported="false" >
33-->src\main\AndroidManifest.xml:33:13-37
34        </service>
35
36        <receiver
36-->src\main\AndroidManifest.xml:36:9-40:20
37            android:name="com.adam.app.MyReceiver"
37-->src\main\AndroidManifest.xml:37:13-39
38            android:enabled="true"
38-->src\main\AndroidManifest.xml:38:13-35
39            android:exported="true" >
39-->src\main\AndroidManifest.xml:39:13-36
40        </receiver>
41    </application>
42
43</manifest>